# JRE version: Java(TM) SE Runtime Environment (8.0_65-b17) (build 1.8.0_65-b17)
# Java VM: Java HotSpot(TM) Client VM (25.65-b01 mixed mode linux-arm )
Heap:
 def new generation   total 24960K, used 18657K [0x65800000, 0x67300000, 0x6a540000)
  eden space 22272K,  71% used [0x65800000, 0x66798650, 0x66dc0000)
  from space 2688K, 100% used [0x67060000, 0x67300000, 0x67300000)
  to   space 2688K,   0% used [0x66dc0000, 0x66dc0000, 0x67060000)
 tenured generation   total 55220K, used 34942K [0x6a540000, 0x6db2d000, 0x74000000)
   the space 55220K,  63% used [0x6a540000, 0x6c75f8a0, 0x6c75fa00, 0x6db2d000)
 Metaspace       used 18737K, capacity 18954K, committed 19072K, reserved 19760K
GC Heap History (10 events):
Event: 11.305 GC heap before
{Heap before GC invocations=17 (full 1):
 def new generation   total 6400K, used 6400K [0x65800000, 0x65ee0000, 0x6a540000)
  eden space 5760K, 100% used [0x65800000, 0x65da0000, 0x65da0000)
  from space 640K, 100% used [0x65e40000, 0x65ee0000, 0x65ee0000)
  to   space 640K,   0% used [0x65da0000, 0x65da0000, 0x65e40000)
 tenured generation   total 13824K, used 9861K [0x6a540000, 0x6b2c0000, 0x74000000)
   the space 13824K,  71% used [0x6a540000, 0x6aee1400, 0x6aee1400, 0x6b2c0000)
 Metaspace       used 13163K, capacity 13381K, committed 13440K, reserved 13616K
Event: 11.362 GC heap after
Heap after GC invocations=18 (full 1):
 def new generation   total 6400K, used 640K [0x65800000, 0x65ee0000, 0x6a540000)
  eden space 5760K,   0% used [0x65800000, 0x65800000, 0x65da0000)
  from space 640K, 100% used [0x65da0000, 0x65e40000, 0x65e40000)
  to   space 640K,   0% used [0x65e40000, 0x65e40000, 0x65ee0000)
 tenured generation   total 13824K, used 12198K [0x6a540000, 0x6b2c0000, 0x74000000)
   the space 13824K,  88% used [0x6a540000, 0x6b129b28, 0x6b129c00, 0x6b2c0000)
 Metaspace       used 13163K, capacity 13381K, committed 13440K, reserved 13616K
}
Event: 11.682 GC heap before
{Heap before GC invocations=18 (full 1):
 def new generation   total 6400K, used 6400K [0x65800000, 0x65ee0000, 0x6a540000)
  eden space 5760K, 100% used [0x65800000, 0x65da0000, 0x65da0000)
  from space 640K, 100% used [0x65da0000, 0x65e40000, 0x65e40000)
  to   space 640K,   0% used [0x65e40000, 0x65e40000, 0x65ee0000)
 tenured generation   total 13824K, used 12198K [0x6a540000, 0x6b2c0000, 0x74000000)
   the space 13824K,  88% used [0x6a540000, 0x6b129b28, 0x6b129c00, 0x6b2c0000)
 Metaspace       used 13241K, capacity 13445K, committed 13568K, reserved 13616K
Event: 12.232 GC heap after
Heap after GC invocations=19 (full 2):
 def new generation   total 11904K, used 0K [0x65800000, 0x664e0000, 0x6a540000)
  eden space 10624K,   0% used [0x65800000, 0x65800000, 0x66260000)
  from space 1280K,   0% used [0x66260000, 0x66260000, 0x663a0000)
  to   space 1280K,   0% used [0x663a0000, 0x663a0000, 0x664e0000)
 tenured generation   total 26144K, used 15685K [0x6a540000, 0x6bec8000, 0x74000000)
   the space 26144K,  59% used [0x6a540000, 0x6b491538, 0x6b491600, 0x6bec8000)
 Metaspace       used 13234K, capacity 13433K, committed 13568K, reserved 13616K
}
Event: 12.565 GC heap before
{Heap before GC invocations=19 (full 2):
 def new generation   total 11904K, used 10624K [0x65800000, 0x664e0000, 0x6a540000)
  eden space 10624K, 100% used [0x65800000, 0x66260000, 0x66260000)
  from space 1280K,   0% used [0x66260000, 0x66260000, 0x663a0000)
  to   space 1280K,   0% used [0x663a0000, 0x663a0000, 0x664e0000)
 tenured generation   total 26144K, used 15685K [0x6a540000, 0x6bec8000, 0x74000000)
   the space 26144K,  59% used [0x6a540000, 0x6b491538, 0x6b491600, 0x6bec8000)
 Metaspace       used 13234K, capacity 13433K, committed 13568K, reserved 13616K
Event: 12.844 GC heap after
Heap after GC invocations=20 (full 2):
 def new generation   total 11904K, used 1280K [0x65800000, 0x664e0000, 0x6a540000)
  eden space 10624K,   0% used [0x65800000, 0x65800000, 0x66260000)
  from space 1280K, 100% used [0x663a0000, 0x664e0000, 0x664e0000)
  to   space 1280K,   0% used [0x66260000, 0x66260000, 0x663a0000)
 tenured generation   total 26144K, used 25028K [0x6a540000, 0x6bec8000, 0x74000000)
   the space 26144K,  95% used [0x6a540000, 0x6bdb11a8, 0x6bdb1200, 0x6bec8000)
 Metaspace       used 13234K, capacity 13433K, committed 13568K, reserved 13616K
}
Event: 14.222 GC heap before
{Heap before GC invocations=20 (full 2):
 def new generation   total 11904K, used 11904K [0x65800000, 0x664e0000, 0x6a540000)
  eden space 10624K, 100% used [0x65800000, 0x66260000, 0x66260000)
  from space 1280K, 100% used [0x663a0000, 0x664e0000, 0x664e0000)
  to   space 1280K,   0% used [0x66260000, 0x66260000, 0x663a0000)
 tenured generation   total 26144K, used 25028K [0x6a540000, 0x6bec8000, 0x74000000)
   the space 26144K,  95% used [0x6a540000, 0x6bdb11a8, 0x6bdb1200, 0x6bec8000)
 Metaspace       used 13311K, capacity 13497K, committed 13568K, reserved 13616K
Event: 15.059 GC heap after
Heap after GC invocations=21 (full 3):
 def new generation   total 24960K, used 0K [0x65800000, 0x67300000, 0x6a540000)
  eden space 22272K,   0% used [0x65800000, 0x65800000, 0x66dc0000)
  from space 2688K,   0% used [0x66dc0000, 0x66dc0000, 0x67060000)
  to   space 2688K,   0% used [0x67060000, 0x67060000, 0x67300000)
 tenured generation   total 55220K, used 33130K [0x6a540000, 0x6db2d000, 0x74000000)
   the space 55220K,  59% used [0x6a540000, 0x6c59a828, 0x6c59aa00, 0x6db2d000)
 Metaspace       used 13309K, capacity 13494K, committed 13568K, reserved 13616K
}
Event: 17.378 GC heap before
{Heap before GC invocations=21 (full 3):
 def new generation   total 24960K, used 22272K [0x65800000, 0x67300000, 0x6a540000)
  eden space 22272K, 100% used [0x65800000, 0x66dc0000, 0x66dc0000)
  from space 2688K,   0% used [0x66dc0000, 0x66dc0000, 0x67060000)
  to   space 2688K,   0% used [0x67060000, 0x67060000, 0x67300000)
 tenured generation   total 55220K, used 33130K [0x6a540000, 0x6db2d000, 0x74000000)
   the space 55220K,  59% used [0x6a540000, 0x6c59a828, 0x6c59aa00, 0x6db2d000)
 Metaspace       used 16274K, capacity 16492K, committed 16512K, reserved 16688K
Event: 17.445 GC heap after
Heap after GC invocations=22 (full 3):
 def new generation   total 24960K, used 2688K [0x65800000, 0x67300000, 0x6a540000)
  eden space 22272K,   0% used [0x65800000, 0x65800000, 0x66dc0000)
  from space 2688K, 100% used [0x67060000, 0x67300000, 0x67300000)
  to   space 2688K,   0% used [0x66dc0000, 0x66dc0000, 0x67060000)
 tenured generation   total 55220K, used 34942K [0x6a540000, 0x6db2d000, 0x74000000)
   the space 55220K,  63% used [0x6a540000, 0x6c75f8a0, 0x6c75fa00, 0x6db2d000)
 Metaspace       used 16274K, capacity 16492K, committed 16512K, reserved 16688K
}

