# JRE version: Java(TM) SE Runtime Environment (8.0_65-b17) (build 1.8.0_65-b17)
# Java VM: Java HotSpot(TM) Client VM (25.65-b01 mixed mode linux-arm )
Heap:
 def new generation   total 22656K, used 17101K [0x65800000, 0x67080000, 0x6a540000)
  eden space 20224K,  72% used [0x65800000, 0x66653630, 0x66bc0000)
  from space 2432K, 100% used [0x66e20000, 0x67080000, 0x67080000)
  to   space 2432K,   0% used [0x66bc0000, 0x66bc0000, 0x66e20000)
 tenured generation   total 50140K, used 34459K [0x6a540000, 0x6d637000, 0x74000000)
   the space 50140K,  68% used [0x6a540000, 0x6c6e6f68, 0x6c6e7000, 0x6d637000)
 Metaspace       used 17558K, capacity 17772K, committed 17920K, reserved 18736K
GC Heap History (10 events):
Event: 11.156 GC heap before
{Heap before GC invocations=17 (full 1):
 def new generation   total 5888K, used 5888K [0x65800000, 0x65e60000, 0x6a540000)
  eden space 5248K, 100% used [0x65800000, 0x65d20000, 0x65d20000)
  from space 640K, 100% used [0x65dc0000, 0x65e60000, 0x65e60000)
  to   space 640K,   0% used [0x65d20000, 0x65d20000, 0x65dc0000)
 tenured generation   total 13024K, used 9186K [0x6a540000, 0x6b1f8000, 0x74000000)
   the space 13024K,  70% used [0x6a540000, 0x6ae38a28, 0x6ae38c00, 0x6b1f8000)
 Metaspace       used 13155K, capacity 13349K, committed 13440K, reserved 13616K
Event: 11.212 GC heap after
Heap after GC invocations=18 (full 1):
 def new generation   total 5888K, used 640K [0x65800000, 0x65e60000, 0x6a540000)
  eden space 5248K,   0% used [0x65800000, 0x65800000, 0x65d20000)
  from space 640K, 100% used [0x65d20000, 0x65dc0000, 0x65dc0000)
  to   space 640K,   0% used [0x65dc0000, 0x65dc0000, 0x65e60000)
 tenured generation   total 13024K, used 11008K [0x6a540000, 0x6b1f8000, 0x74000000)
   the space 13024K,  84% used [0x6a540000, 0x6b0000c8, 0x6b000200, 0x6b1f8000)
 Metaspace       used 13155K, capacity 13349K, committed 13440K, reserved 13616K
}
Event: 11.639 GC heap before
{Heap before GC invocations=18 (full 1):
 def new generation   total 5888K, used 5860K [0x65800000, 0x65e60000, 0x6a540000)
  eden space 5248K,  99% used [0x65800000, 0x65d191c0, 0x65d20000)
  from space 640K, 100% used [0x65d20000, 0x65dc0000, 0x65dc0000)
  to   space 640K,   0% used [0x65dc0000, 0x65dc0000, 0x65e60000)
 tenured generation   total 13024K, used 11008K [0x6a540000, 0x6b1f8000, 0x74000000)
   the space 13024K,  84% used [0x6a540000, 0x6b0000c8, 0x6b000200, 0x6b1f8000)
 Metaspace       used 13239K, capacity 13445K, committed 13568K, reserved 13616K
Event: 12.125 GC heap after
Heap after GC invocations=19 (full 2):
 def new generation   total 10496K, used 0K [0x65800000, 0x66360000, 0x6a540000)
  eden space 9344K,   0% used [0x65800000, 0x65800000, 0x66120000)
  from space 1152K,   0% used [0x66120000, 0x66120000, 0x66240000)
  to   space 1152K,   0% used [0x66240000, 0x66240000, 0x66360000)
 tenured generation   total 23188K, used 13912K [0x6a540000, 0x6bbe5000, 0x74000000)
   the space 23188K,  59% used [0x6a540000, 0x6b2d6110, 0x6b2d6200, 0x6bbe5000)
 Metaspace       used 13231K, capacity 13433K, committed 13568K, reserved 13616K
}
Event: 12.360 GC heap before
{Heap before GC invocations=19 (full 2):
 def new generation   total 10496K, used 9344K [0x65800000, 0x66360000, 0x6a540000)
  eden space 9344K, 100% used [0x65800000, 0x66120000, 0x66120000)
  from space 1152K,   0% used [0x66120000, 0x66120000, 0x66240000)
  to   space 1152K,   0% used [0x66240000, 0x66240000, 0x66360000)
 tenured generation   total 23188K, used 13912K [0x6a540000, 0x6bbe5000, 0x74000000)
   the space 23188K,  59% used [0x6a540000, 0x6b2d6110, 0x6b2d6200, 0x6bbe5000)
 Metaspace       used 13231K, capacity 13433K, committed 13568K, reserved 13616K
Event: 12.630 GC heap after
Heap after GC invocations=20 (full 2):
 def new generation   total 10496K, used 1152K [0x65800000, 0x66360000, 0x6a540000)
  eden space 9344K,   0% used [0x65800000, 0x65800000, 0x66120000)
  from space 1152K, 100% used [0x66240000, 0x66360000, 0x66360000)
  to   space 1152K,   0% used [0x66120000, 0x66120000, 0x66240000)
 tenured generation   total 23188K, used 22101K [0x6a540000, 0x6bbe5000, 0x74000000)
   the space 23188K,  95% used [0x6a540000, 0x6bad5610, 0x6bad5800, 0x6bbe5000)
 Metaspace       used 13231K, capacity 13433K, committed 13568K, reserved 13616K
}
Event: 13.381 GC heap before
{Heap before GC invocations=20 (full 2):
 def new generation   total 10496K, used 10444K [0x65800000, 0x66360000, 0x6a540000)
  eden space 9344K,  99% used [0x65800000, 0x661130d8, 0x66120000)
  from space 1152K, 100% used [0x66240000, 0x66360000, 0x66360000)
  to   space 1152K,   0% used [0x66120000, 0x66120000, 0x66240000)
 tenured generation   total 23188K, used 22101K [0x6a540000, 0x6bbe5000, 0x74000000)
   the space 23188K,  95% used [0x6a540000, 0x6bad5610, 0x6bad5800, 0x6bbe5000)
 Metaspace       used 13237K, capacity 13433K, committed 13568K, reserved 13616K
Event: 14.229 GC heap after
Heap after GC invocations=21 (full 3):
 def new generation   total 22656K, used 0K [0x65800000, 0x67080000, 0x6a540000)
  eden space 20224K,   0% used [0x65800000, 0x65800000, 0x66bc0000)
  from space 2432K,   0% used [0x66bc0000, 0x66bc0000, 0x66e20000)
  to   space 2432K,   0% used [0x66e20000, 0x66e20000, 0x67080000)
 tenured generation   total 50140K, used 30083K [0x6a540000, 0x6d637000, 0x74000000)
   the space 50140K,  59% used [0x6a540000, 0x6c2a0cd8, 0x6c2a0e00, 0x6d637000)
 Metaspace       used 13237K, capacity 13433K, committed 13568K, reserved 13616K
}
Event: 16.680 GC heap before
{Heap before GC invocations=21 (full 3):
 def new generation   total 22656K, used 20224K [0x65800000, 0x67080000, 0x6a540000)
  eden space 20224K, 100% used [0x65800000, 0x66bc0000, 0x66bc0000)
  from space 2432K,   0% used [0x66bc0000, 0x66bc0000, 0x66e20000)
  to   space 2432K,   0% used [0x66e20000, 0x66e20000, 0x67080000)
 tenured generation   total 50140K, used 30083K [0x6a540000, 0x6d637000, 0x74000000)
   the space 50140K,  59% used [0x6a540000, 0x6c2a0cd8, 0x6c2a0e00, 0x6d637000)
 Metaspace       used 15896K, capacity 16069K, committed 16128K, reserved 16688K
Event: 16.756 GC heap after
Heap after GC invocations=22 (full 3):
 def new generation   total 22656K, used 2432K [0x65800000, 0x67080000, 0x6a540000)
  eden space 20224K,   0% used [0x65800000, 0x65800000, 0x66bc0000)
  from space 2432K, 100% used [0x66e20000, 0x67080000, 0x67080000)
  to   space 2432K,   0% used [0x66bc0000, 0x66bc0000, 0x66e20000)
 tenured generation   total 50140K, used 34459K [0x6a540000, 0x6d637000, 0x74000000)
   the space 50140K,  68% used [0x6a540000, 0x6c6e6f68, 0x6c6e7000, 0x6d637000)
 Metaspace       used 15896K, capacity 16069K, committed 16128K, reserved 16688K
}

