# JRE version: Java(TM) SE Runtime Environment (7.0_60-b19) (build 1.7.0_60-b19)
# Java VM: Java HotSpot(TM) Client VM (24.60-b09 mixed mode linux-arm )
Heap
 def new generation   total 25472K, used 2156K [0x61800000, 0x633a0000, 0x66540000)
  eden space 22656K,   9% used [0x61800000, 0x61a1b2c8, 0x62e20000)
  from space 2816K,   0% used [0x62e20000, 0x62e20000, 0x630e0000)
  to   space 2816K,   0% used [0x630e0000, 0x630e0000, 0x633a0000)
 tenured generation   total 56244K, used 33746K [0x66540000, 0x69c2d000, 0x70000000)
   the space 56244K,  59% used [0x66540000, 0x686348d8, 0x68634a00, 0x69c2d000)
 compacting perm gen  total 18432K, used 18220K [0x70000000, 0x71200000, 0x74000000)
   the space 18432K,  98% used [0x70000000, 0x711cb130, 0x711cb200, 0x71200000)
GC Heap History (10 events):
Event: 11.877 GC heap before
{Heap before GC invocations=18 (full 2):
 def new generation   total 8448K, used 7552K [0x61800000, 0x62120000, 0x66540000)
  eden space 7552K, 100% used [0x61800000, 0x61f60000, 0x61f60000)
  from space 896K,   0% used [0x61f60000, 0x61f60000, 0x62040000)
  to   space 896K,   0% used [0x62040000, 0x62040000, 0x62120000)
 tenured generation   total 18524K, used 11112K [0x66540000, 0x67757000, 0x70000000)
   the space 18524K,  59% used [0x66540000, 0x6701a038, 0x6701a200, 0x67757000)
 compacting perm gen  total 13824K, used 13813K [0x70000000, 0x70d80000, 0x74000000)
   the space 13824K,  99% used [0x70000000, 0x70d7d508, 0x70d7d600, 0x70d80000)
No shared spaces configured.
Event: 12.062 GC heap after
Heap after GC invocations=19 (full 2):
 def new generation   total 8448K, used 896K [0x61800000, 0x62120000, 0x66540000)
  eden space 7552K,   0% used [0x61800000, 0x61800000, 0x61f60000)
  from space 896K, 100% used [0x62040000, 0x62120000, 0x62120000)
  to   space 896K,   0% used [0x61f60000, 0x61f60000, 0x62040000)
 tenured generation   total 18524K, used 16348K [0x66540000, 0x67757000, 0x70000000)
   the space 18524K,  88% used [0x66540000, 0x675372f0, 0x67537400, 0x67757000)
 compacting perm gen  total 13824K, used 13813K [0x70000000, 0x70d80000, 0x74000000)
   the space 13824K,  99% used [0x70000000, 0x70d7d508, 0x70d7d600, 0x70d80000)
No shared spaces configured.
}
Event: 12.250 GC heap before
{Heap before GC invocations=19 (full 2):
 def new generation   total 8448K, used 8448K [0x61800000, 0x62120000, 0x66540000)
  eden space 7552K, 100% used [0x61800000, 0x61f60000, 0x61f60000)
  from space 896K, 100% used [0x62040000, 0x62120000, 0x62120000)
  to   space 896K,   0% used [0x61f60000, 0x61f60000, 0x62040000)
 tenured generation   total 18524K, used 16348K [0x66540000, 0x67757000, 0x70000000)
   the space 18524K,  88% used [0x66540000, 0x675372f0, 0x67537400, 0x67757000)
 compacting perm gen  total 13824K, used 13813K [0x70000000, 0x70d80000, 0x74000000)
   the space 13824K,  99% used [0x70000000, 0x70d7d508, 0x70d7d600, 0x70d80000)
No shared spaces configured.
Event: 13.246 GC heap after
Heap after GC invocations=20 (full 3):
 def new generation   total 17280K, used 0K [0x61800000, 0x62aa0000, 0x66540000)
  eden space 15488K,   0% used [0x61800000, 0x61800000, 0x62720000)
  from space 1792K,   0% used [0x62720000, 0x62720000, 0x628e0000)
  to   space 1792K,   0% used [0x628e0000, 0x628e0000, 0x62aa0000)
 tenured generation   total 37976K, used 22784K [0x66540000, 0x68a56000, 0x70000000)
   the space 37976K,  59% used [0x66540000, 0x67b80050, 0x67b80200, 0x68a56000)
 compacting perm gen  total 13824K, used 13813K [0x70000000, 0x70d80000, 0x74000000)
   the space 13824K,  99% used [0x70000000, 0x70d7d508, 0x70d7d600, 0x70d80000)
No shared spaces configured.
}
Event: 15.085 GC heap before
{Heap before GC invocations=20 (full 3):
 def new generation   total 17280K, used 15488K [0x61800000, 0x62aa0000, 0x66540000)
  eden space 15488K, 100% used [0x61800000, 0x62720000, 0x62720000)
  from space 1792K,   0% used [0x62720000, 0x62720000, 0x628e0000)
  to   space 1792K,   0% used [0x628e0000, 0x628e0000, 0x62aa0000)
 tenured generation   total 37976K, used 22784K [0x66540000, 0x68a56000, 0x70000000)
   the space 37976K,  59% used [0x66540000, 0x67b80050, 0x67b80200, 0x68a56000)
 compacting perm gen  total 14336K, used 14186K [0x70000000, 0x70e00000, 0x74000000)
   the space 14336K,  98% used [0x70000000, 0x70dda9f8, 0x70ddaa00, 0x70e00000)
No shared spaces configured.
Event: 15.282 GC heap after
Heap after GC invocations=21 (full 3):
 def new generation   total 17280K, used 1792K [0x61800000, 0x62aa0000, 0x66540000)
  eden space 15488K,   0% used [0x61800000, 0x61800000, 0x62720000)
  from space 1792K, 100% used [0x628e0000, 0x62aa0000, 0x62aa0000)
  to   space 1792K,   0% used [0x62720000, 0x62720000, 0x628e0000)
 tenured generation   total 37976K, used 31817K [0x66540000, 0x68a56000, 0x70000000)
   the space 37976K,  83% used [0x66540000, 0x68452678, 0x68452800, 0x68a56000)
 compacting perm gen  total 14336K, used 14186K [0x70000000, 0x70e00000, 0x74000000)
   the space 14336K,  98% used [0x70000000, 0x70dda9f8, 0x70ddaa00, 0x70e00000)
No shared spaces configured.
}
Event: 16.912 GC heap before
{Heap before GC invocations=21 (full 3):
 def new generation   total 17280K, used 17280K [0x61800000, 0x62aa0000, 0x66540000)
  eden space 15488K, 100% used [0x61800000, 0x62720000, 0x62720000)
  from space 1792K, 100% used [0x628e0000, 0x62aa0000, 0x62aa0000)
  to   space 1792K,   0% used [0x62720000, 0x62720000, 0x628e0000)
 tenured generation   total 37976K, used 31817K [0x66540000, 0x68a56000, 0x70000000)
   the space 37976K,  83% used [0x66540000, 0x68452678, 0x68452800, 0x68a56000)
 compacting perm gen  total 16896K, used 16652K [0x70000000, 0x71080000, 0x74000000)
   the space 16896K,  98% used [0x70000000, 0x710431f8, 0x71043200, 0x71080000)
No shared spaces configured.
Event: 17.003 GC heap after
Heap after GC invocations=22 (full 3):
 def new generation   total 17280K, used 1792K [0x61800000, 0x62aa0000, 0x66540000)
  eden space 15488K,   0% used [0x61800000, 0x61800000, 0x62720000)
  from space 1792K, 100% used [0x62720000, 0x628e0000, 0x628e0000)
  to   space 1792K,   0% used [0x628e0000, 0x628e0000, 0x62aa0000)
 tenured generation   total 37976K, used 35030K [0x66540000, 0x68a56000, 0x70000000)
   the space 37976K,  92% used [0x66540000, 0x68775a60, 0x68775c00, 0x68a56000)
 compacting perm gen  total 16896K, used 16652K [0x70000000, 0x71080000, 0x74000000)
   the space 16896K,  98% used [0x70000000, 0x710431f8, 0x71043200, 0x71080000)
No shared spaces configured.
}
Event: 20.289 GC heap before
{Heap before GC invocations=22 (full 3):
 def new generation   total 17280K, used 14620K [0x61800000, 0x62aa0000, 0x66540000)
  eden space 15488K,  82% used [0x61800000, 0x62487168, 0x62720000)
  from space 1792K, 100% used [0x62720000, 0x628e0000, 0x628e0000)
  to   space 1792K,   0% used [0x628e0000, 0x628e0000, 0x62aa0000)
 tenured generation   total 37976K, used 35030K [0x66540000, 0x68a56000, 0x70000000)
   the space 37976K,  92% used [0x66540000, 0x68775a60, 0x68775c00, 0x68a56000)
 compacting perm gen  total 17920K, used 17919K [0x70000000, 0x71180000, 0x74000000)
   the space 17920K,  99% used [0x70000000, 0x7117ff70, 0x71180000, 0x71180000)
No shared spaces configured.
Event: 21.396 GC heap after
Heap after GC invocations=23 (full 4):
 def new generation   total 25472K, used 0K [0x61800000, 0x633a0000, 0x66540000)
  eden space 22656K,   0% used [0x61800000, 0x61800000, 0x62e20000)
  from space 2816K,   0% used [0x62e20000, 0x62e20000, 0x630e0000)
  to   space 2816K,   0% used [0x630e0000, 0x630e0000, 0x633a0000)
 tenured generation   total 56244K, used 33746K [0x66540000, 0x69c2d000, 0x70000000)
   the space 56244K,  59% used [0x66540000, 0x686348d8, 0x68634a00, 0x69c2d000)
 compacting perm gen  total 17920K, used 17903K [0x70000000, 0x71180000, 0x74000000)
   the space 17920K,  99% used [0x70000000, 0x7117bf20, 0x7117c000, 0x71180000)
No shared spaces configured.
}

